e:\learn programming\new folder\cppclr_winformsproject1\cppclr_winformsproject1\x64\debug\readcardutility.pch
e:\learn programming\new folder\cppclr_winformsproject1\cppclr_winformsproject1\x64\debug\vc143.pdb
e:\learn programming\new folder\cppclr_winformsproject1\cppclr_winformsproject1\x64\debug\pch.obj
e:\learn programming\new folder\cppclr_winformsproject1\cppclr_winformsproject1\x64\debug\form1.obj
e:\learn programming\new folder\cppclr_winformsproject1\cppclr_winformsproject1\x64\debug\cppclr_winformsproject.obj
e:\learn programming\new folder\cppclr_winformsproject1\cppclr_winformsproject1\x64\debug\assemblyinfo.obj
e:\learn programming\new folder\cppclr_winformsproject1\cppclr_winformsproject1\x64\debug\.netframework,version=v4.7.2.assemblyattributes.obj
e:\learn programming\new folder\cppclr_winformsproject1\x64\debug\readcardutility.exe
e:\learn programming\new folder\cppclr_winformsproject1\x64\debug\readcardutility.pdb
e:\learn programming\new folder\cppclr_winformsproject1\cppclr_winformsproject1\x64\debug\app.res
e:\learn programming\new folder\cppclr_winformsproject1\cppclr_winformsproject1\x64\debug\cppclr_winformsproject1.form1.resources
e:\learn programming\new folder\cppclr_winformsproject1\cppclr_winformsproject1\x64\debug\readcardutility.tlog\cl.command.1.tlog
e:\learn programming\new folder\cppclr_winformsproject1\cppclr_winformsproject1\x64\debug\readcardutility.tlog\cl.read.1.tlog
e:\learn programming\new folder\cppclr_winformsproject1\cppclr_winformsproject1\x64\debug\readcardutility.tlog\cl.write.1.tlog
e:\learn programming\new folder\cppclr_winformsproject1\cppclr_winformsproject1\x64\debug\readcardutility.tlog\link.command.1.tlog
e:\learn programming\new folder\cppclr_winformsproject1\cppclr_winformsproject1\x64\debug\readcardutility.tlog\link.read.1.tlog
e:\learn programming\new folder\cppclr_winformsproject1\cppclr_winformsproject1\x64\debug\readcardutility.tlog\link.write.1.tlog
e:\learn programming\new folder\cppclr_winformsproject1\cppclr_winformsproject1\x64\debug\readcardutility.tlog\metagen.read.1.tlog
e:\learn programming\new folder\cppclr_winformsproject1\cppclr_winformsproject1\x64\debug\readcardutility.tlog\metagen.write.1.tlog
e:\learn programming\new folder\cppclr_winformsproject1\cppclr_winformsproject1\x64\debug\readcardutility.tlog\rc.command.1.tlog
e:\learn programming\new folder\cppclr_winformsproject1\cppclr_winformsproject1\x64\debug\readcardutility.tlog\rc.read.1.tlog
e:\learn programming\new folder\cppclr_winformsproject1\cppclr_winformsproject1\x64\debug\readcardutility.tlog\rc.write.1.tlog
e:\learn programming\new folder\cppclr_winformsproject1\cppclr_winformsproject1\x64\debug\readcardutility.tlog\readcardutility.write.1u.tlog
